#
# There is insufficient memory for the Java Runtime Environment to continue.
# Native memory allocation (mmap) failed to map 134217728 bytes for G1 virtual space
# Possible reasons:
#   The system is out of physical RAM or swap space
#   The process is running with CompressedOops enabled, and the Java Heap may be blocking the growth of the native heap
# Possible solutions:
#   Reduce memory load on the system
#   Increase physical memory or swap space
#   Check if swap backing store is full
#   Decrease Java heap size (-Xmx/-Xms)
#   Decrease number of Java threads
#   Decrease Java thread stack sizes (-Xss)
#   Set larger code cache with -XX:ReservedCodeCacheSize=
#   JVM is running with Unscaled Compressed Oops mode in which the Java heap is
#     placed in the first 4GB address space. The Java Heap base address is the
#     maximum limit for the native heap growth. Please use -XX:HeapBaseMinAddress
#     to set the Java Heap base and to place the Java Heap above 4GB virtual address.
# This output file may be truncated or incomplete.
#
#  Out of Memory Error (./open/src/hotspot/os/windows/os_windows.cpp:3472), pid=29816, tid=30716
#
# JRE version:  (15.0.1+9) (build )
# Java VM: Java HotSpot(TM) 64-Bit Server VM (15.0.1+9-18, mixed mode, sharing, tiered, compressed oops, g1 gc, windows-amd64)
# No core dump will be written. Minidumps are not enabled by default on client versions of Windows
#

---------------  S U M M A R Y ------------

Command Line: -Dfile.encoding=UTF-8 studentclassificationsystem.ShowData

Host: Intel(R) Core(TM) i7-8550U CPU @ 1.80GHz, 8 cores, 7G,  Windows 10 , 64 bit Build 18362 (10.0.18362.1110)
Time: Mon Sep 20 22:59:22 2021 India Standard Time elapsed time: 0.022717 seconds (0d 0h 0m 0s)

---------------  T H R E A D  ---------------

Current thread (0x0000021c630df910):  JavaThread "Unknown thread" [_thread_in_vm, id=30716, stack(0x0000008cd8800000,0x0000008cd8900000)]

Stack: [0x0000008cd8800000,0x0000008cd8900000]
Native frames: (J=compiled Java code, j=interpreted, Vv=VM code, C=native code)
V  [jvm.dll+0x62ae9a]
V  [jvm.dll+0x781389]
V  [jvm.dll+0x782ae3]
V  [jvm.dll+0x783143]
V  [jvm.dll+0x216265]
V  [jvm.dll+0x6281d9]
V  [jvm.dll+0x61cd15]
V  [jvm.dll+0x2d01fd]
V  [jvm.dll+0x2d0062]
V  [jvm.dll+0x2d603c]
V  [jvm.dll+0x325b2a]
V  [jvm.dll+0x3251f4]
V  [jvm.dll+0x2a717a]
V  [jvm.dll+0x2a8318]
V  [jvm.dll+0x75e101]
V  [jvm.dll+0x3343e4]
V  [jvm.dll+0x73e826]
V  [jvm.dll+0x3b7777]
V  [jvm.dll+0x3b9201]
C  [jli.dll+0x52fb]
C  [ucrtbase.dll+0x210b2]
C  [KERNEL32.DLL+0x17c24]
C  [ntdll.dll+0x6d4d1]


---------------  P R O C E S S  ---------------

Threads class SMR info:
_java_thread_list=0x00007ff9ac6a4ff0, length=0, elements={
}

Java Threads: ( => current thread )

Other Threads:
  0x0000021c631219a0 GCTaskThread "GC Thread#0" [stack: 0x0000008cd8900000,0x0000008cd8a00000] [id=28688]
  0x0000021c631328f0 ConcurrentGCThread "G1 Main Marker" [stack: 0x0000008cd8a00000,0x0000008cd8b00000] [id=31536]
  0x0000021c63134570 ConcurrentGCThread "G1 Conc#0" [stack: 0x0000008cd8b00000,0x0000008cd8c00000] [id=21548]

[error occurred during error reporting (printing all threads), id 0xc0000005, EXCEPTION_ACCESS_VIOLATION (0xc0000005) at pc=0x00007ff9abe98047]

VM state: not at safepoint (not fully initialized)

VM Mutex/Monitor currently owned by a thread:  ([mutex/lock_event])
[0x0000021c630dc3f0] Heap_lock - owner thread: 0x0000021c630df910

Heap address: 0x0000000081c00000, size: 2020 MB, Compressed Oops mode: 32-bit
CDS archive(s) mapped at: [0x0000000000000000-0x0000000000000000-0x0000000000000000), size 0, SharedBaseAddress: 0x0000000800000000, ArchiveRelocationMode: 0.
Narrow klass base: 0x0000000000000000, Narrow klass shift: 0, Narrow klass range: 0x0

Heap:
 garbage-first heap   total 131072K, used 0K [0x0000000081c00000, 0x0000000100000000)
  region size 1024K, 0 young (0K), 0 survivors (0K)
 Metaspace       used 0K, capacity 0K, committed 0K, reserved 0K
  class space    used 0K, capacity 0K, committed 0K, reserved 0K

Heap Regions: E=young(eden), S=young(survivor), O=old, HS=humongous(starts), HC=humongous(continues), CS=collection set, F=free, OA=open archive, CA=closed archive, TAMS=top-at-mark-start (previous, next)

Card table byte_map: [0x0000021c7aa50000,0x0000021c7ae50000] _byte_map_base: 0x0000021c7a642000

Marking Bits (Prev, Next): (CMBitMap*) 0x0000021c63122210, (CMBitMap*) 0x0000021c63122250
 Prev Bits: [0x0000021c7b250000, 0x0000021c7d1e0000)
 Next Bits: [0x0000021c7d1e0000, 0x0000021c7f170000)

GC Heap History (0 events):
No events

Deoptimization events (0 events):
No events

Classes unloaded (0 events):
No events

Classes redefined (0 events):
No events

Internal exceptions (0 events):
No events

Events (1 events):
Event: 0.009 Loaded shared library C:\Program Files\Java\jdk-15.0.1\bin\java.dll


Dynamic libraries:
0x00007ff640790000 - 0x00007ff64079f000 	C:\Program Files\Java\jdk-15.0.1\bin\java.exe
0x00007ff9ef2c0000 - 0x00007ff9ef4b0000 	C:\WINDOWS\SYSTEM32\ntdll.dll
0x00007ff9ed390000 - 0x00007ff9ed442000 	C:\WINDOWS\System32\KERNEL32.DLL
0x00007ff9ed0c0000 - 0x00007ff9ed365000 	C:\WINDOWS\System32\KERNELBASE.dll
0x00007ff9ecec0000 - 0x00007ff9ecfba000 	C:\WINDOWS\System32\ucrtbase.dll
0x00007ff9e4990000 - 0x00007ff9e49a8000 	C:\Program Files\Java\jdk-15.0.1\bin\jli.dll
0x00007ff9cade0000 - 0x00007ff9cadf9000 	C:\Program Files\Java\jdk-15.0.1\bin\VCRUNTIME140.dll
0x00007ff9ee590000 - 0x00007ff9ee633000 	C:\WINDOWS\System32\ADVAPI32.dll
0x00007ff9edb40000 - 0x00007ff9edbde000 	C:\WINDOWS\System32\msvcrt.dll
0x00007ff9ee030000 - 0x00007ff9ee0c7000 	C:\WINDOWS\System32\sechost.dll
0x00007ff9ee0d0000 - 0x00007ff9ee1f0000 	C:\WINDOWS\System32\RPCRT4.dll
0x00007ff9edbe0000 - 0x00007ff9edd74000 	C:\WINDOWS\System32\USER32.dll
0x00007ff9ed090000 - 0x00007ff9ed0b1000 	C:\WINDOWS\System32\win32u.dll
0x00007ff9ee330000 - 0x00007ff9ee356000 	C:\WINDOWS\System32\GDI32.dll
0x00007ff9da360000 - 0x00007ff9da5e4000 	C:\WINDOWS\WinSxS\amd64_microsoft.windows.common-controls_6595b64144ccf1df_6.0.18362.1256_none_9e7e379be45e40e2\COMCTL32.dll
0x00007ff9ec530000 - 0x00007ff9ec6c6000 	C:\WINDOWS\System32\gdi32full.dll
0x00007ff9ed530000 - 0x00007ff9ed866000 	C:\WINDOWS\System32\combase.dll
0x00007ff9ecfc0000 - 0x00007ff9ed05e000 	C:\WINDOWS\System32\msvcp_win.dll
0x00007ff9ec230000 - 0x00007ff9ec2b1000 	C:\WINDOWS\System32\bcryptPrimitives.dll
0x00007ff9e4d00000 - 0x00007ff9e4d0a000 	C:\WINDOWS\SYSTEM32\VERSION.dll
0x00007ff9edd90000 - 0x00007ff9eddbe000 	C:\WINDOWS\System32\IMM32.DLL
0x00007ff9d9840000 - 0x00007ff9d984c000 	C:\Program Files\Java\jdk-15.0.1\bin\vcruntime140_1.dll
0x00007ff9b8a50000 - 0x00007ff9b8ae1000 	C:\Program Files\Java\jdk-15.0.1\bin\msvcp140.dll
0x00007ff9abbe0000 - 0x00007ff9ac73e000 	C:\Program Files\Java\jdk-15.0.1\bin\server\jvm.dll
0x00007ff9ed520000 - 0x00007ff9ed528000 	C:\WINDOWS\System32\PSAPI.DLL
0x00007ff9d6c30000 - 0x00007ff9d6c39000 	C:\WINDOWS\SYSTEM32\WSOCK32.dll
0x00007ff9e9d20000 - 0x00007ff9e9d44000 	C:\WINDOWS\SYSTEM32\WINMM.dll
0x00007ff9ee1f0000 - 0x00007ff9ee25f000 	C:\WINDOWS\System32\WS2_32.dll
0x00007ff9e9cf0000 - 0x00007ff9e9d1d000 	C:\WINDOWS\SYSTEM32\winmmbase.dll
0x00007ff9ec410000 - 0x00007ff9ec45a000 	C:\WINDOWS\System32\cfgmgr32.dll
0x00007ff9ec210000 - 0x00007ff9ec221000 	C:\WINDOWS\System32\kernel.appcore.dll
0x00007ff9d7c00000 - 0x00007ff9d7c0a000 	C:\Program Files\Java\jdk-15.0.1\bin\jimage.dll
0x00007ff9eaa40000 - 0x00007ff9eac34000 	C:\WINDOWS\SYSTEM32\DBGHELP.DLL
0x00007ff9d6c40000 - 0x00007ff9d6c6a000 	C:\WINDOWS\SYSTEM32\dbgcore.DLL
0x00007ff9cab80000 - 0x00007ff9caba5000 	C:\Program Files\Java\jdk-15.0.1\bin\java.dll

dbghelp: loaded successfully - version: 4.0.5 - missing functions: none
symbol engine: initialized successfully - sym options: 0x614 - pdb path: .;C:\Program Files\Java\jdk-15.0.1\bin;C:\WINDOWS\SYSTEM32;C:\WINDOWS\WinSxS\amd64_microsoft.windows.common-controls_6595b64144ccf1df_6.0.18362.1256_none_9e7e379be45e40e2;C:\Program Files\Java\jdk-15.0.1\bin\server

VM Arguments:
jvm_args: -Dfile.encoding=UTF-8 
java_command: studentclassificationsystem.ShowData
java_class_path (initial): D:\SETUP AND FILES\mysql-connector-java-8.0.21.jar;D:\Project\StudentClassificationSystem\build\classes
Launcher Type: SUN_STANDARD

[Global flags]
     intx CICompilerCount                          = 4                                         {product} {ergonomic}
     uint ConcGCThreads                            = 2                                         {product} {ergonomic}
     uint G1ConcRefinementThreads                  = 8                                         {product} {ergonomic}
   size_t G1HeapRegionSize                         = 1048576                                   {product} {ergonomic}
    uintx GCDrainStackTargetSize                   = 64                                        {product} {ergonomic}
   size_t InitialHeapSize                          = 134217728                                 {product} {ergonomic}
   size_t MarkStackSize                            = 4194304                                   {product} {ergonomic}
   size_t MaxHeapSize                              = 2118123520                                {product} {ergonomic}
   size_t MinHeapDeltaBytes                        = 1048576                                   {product} {ergonomic}
   size_t MinHeapSize                              = 8388608                                   {product} {ergonomic}
    uintx NonNMethodCodeHeapSize                   = 5839372                                {pd product} {ergonomic}
    uintx NonProfiledCodeHeapSize                  = 122909434                              {pd product} {ergonomic}
    uintx ProfiledCodeHeapSize                     = 122909434                              {pd product} {ergonomic}
    uintx ReservedCodeCacheSize                    = 251658240                              {pd product} {ergonomic}
     bool SegmentedCodeCache                       = true                                      {product} {ergonomic}
   size_t SoftMaxHeapSize                          = 2118123520                             {manageable} {ergonomic}
     bool UseCompressedClassPointers               = true                                 {lp64_product} {ergonomic}
     bool UseCompressedOops                        = true                                 {lp64_product} {ergonomic}
     bool UseG1GC                                  = true                                      {product} {ergonomic}
     bool UseLargePagesIndividualAllocation        = false                                  {pd product} {ergonomic}

Logging:
Log output configuration:
 #0: stdout all=warning uptime,level,tags
 #1: stderr all=off uptime,level,tags

Environment Variables:
PATH=C:\Program Files\Common Files\Oracle\Java\javapath;C:\Program Files (x86)\Intel\iCLS Client\;C:\Program Files\Intel\iCLS Client\;C:\Windows\system32;C:\Windows;C:\Windows\System32\Wbem;C:\Windows\System32\WindowsPowerShell\v1.0\;C:\Windows\System32\OpenSSH\;C:\Program Files (x86)\Intel\Intel(R) Management Engine Components\DAL;C:\Program Files\Intel\Intel(R) Management Engine Components\DAL;C:\Program Files (x86)\Intel\Intel(R) Management Engine Components\IPT;C:\Program Files\Intel\Intel(R) Management Engine Components\IPT;C:\Program Files (x86)\NVIDIA Corporation\PhysX\Common;C:\Program Files\Intel\WiFi\bin\;C:\Program Files\Common Files\Intel\WirelessCommon\;C:\WINDOWS\system32;C:\WINDOWS;C:\WINDOWS\System32\Wbem;C:\WINDOWS\System32\WindowsPowerShell\v1.0\;C:\WINDOWS\System32\OpenSSH\;C:\Program Files\Java\jdk-15.0.1;C:\Program Files (x86)\mingw-w64\i686-8.1.0-posix-dwarf-rt_v6-rev0\mingw32\bin;C:\Program Files\Git\cmd;C:\Program Files\MySQL\MySQL Shell 8.0\bin\;C:\Users\NEERAJ\AppData\Local\Microsoft\WindowsApps;C:\Program Files (x86)\mingw-w64\i686-8.1.0-posix-dwarf-rt_v6-rev0\mingw32\bin;D:\Microsoft VS Code\bin;D:\IntelliJ IDEA Community Edition 2020.3.1\bin;;C:\Program Files\Java\jdk-15.0.1\bin;D:\ANACONDA\Library\bin;
USERNAME=NEERAJ
OS=Windows_NT
PROCESSOR_IDENTIFIER=Intel64 Family 6 Model 142 Stepping 10, GenuineIntel



---------------  S Y S T E M  ---------------

OS:
 Windows 10 , 64 bit Build 18362 (10.0.18362.1110)
OS uptime: 20 days 2:51 hours

CPU: total 8 (initial active 8) (4 cores per cpu, 2 threads per core) family 6 model 142 stepping 10 microcode 0xb4, cmov, cx8, fxsr, mmx, sse, sse2, sse3, ssse3, sse4.1, sse4.2, popcnt, vzeroupper, avx, avx2, aes, clmul, erms, 3dnowpref, lzcnt, ht, tsc, tscinvbit, bmi1, bmi2, adx, fma, clflush, clflushopt

Memory: 4k page, system-wide physical 8078M (1418M free)
TotalPageFile size 32654M (AvailPageFile size 124M)
current process WorkingSet (physical memory assigned to process): 10M, peak: 10M
current process commit charge ("private bytes"): 60M, peak: 188M

vm_info: Java HotSpot(TM) 64-Bit Server VM (15.0.1+9-18) for windows-amd64 JRE (15.0.1+9-18), built on Sep 15 2020 14:43:54 by "mach5one" with unknown MS VC++:1925

END.
